
[2025-08-15 15:51:43.138877] dropper - grapherz (972525760478863430) submitted ABCD (NA) as True
[2025-08-15 15:51:56.444884] dropper - grapherz (972525760478863430) submitted IWDB (NA) as True
[2025-08-15 15:52:21.296161] dropper - grapherz (972525760478863430) submitted ABCD (NA) as False
[2025-08-15 15:53:59.499536] dropper - grapherz (972525760478863430) submitted ABCD (NA) as False
[2025-08-15 15:54:47.835821] dropper - grapherz (972525760478863430) submitted ABCD (NA) as False
[2025-08-15 15:54:52.336745] dropper - grapherz (972525760478863430) submitted ABCD (NA) as False
[2025-08-15 15:55:57.679534] dropper - grapherz (972525760478863430) submitted ABCD (NA) as False
[2025-08-15 15:56:20.735485] dropper - grapherz (972525760478863430) submitted ABCD (NA) as False
[2025-08-15 15:56:28.303790] dropper - grapherz (972525760478863430) submitted ABCD (NA) as True
[2025-08-15 15:56:59.653820] dropper - grapherz (972525760478863430) submitted ABCD (NA) as True
[2025-08-15 15:57:35.154775] dropper - grapherz (972525760478863430) submitted IWDB (NA) as False
[2025-08-15 16:08:58.374663] dropper - grapherz (972525760478863430) submitted ABCD (NA) as True
[2025-08-15 16:14:13.072432] dropper - grapherz (972525760478863430) submitted ABCD (NA) as True
[2025-08-15 16:24:28.886081] dropper - grapherz (972525760478863430) submitted ABCD (NA) as True
[2025-08-15 16:24:55.328030] dropper - grapherz (972525760478863430) submitted ABCD (NA) as True
[2025-08-15 16:25:07.185758] dropper - grapherz (972525760478863430) submitted ABCD (NA) as True
[2025-08-15 16:25:35.049903] dropper - grapherz (972525760478863430) submitted ABCD (NA) as True
[2025-08-15 16:25:47.041758] dropper - grapherz (972525760478863430) submitted ABCD (NA) as True
[2025-08-15 16:26:18.786012] dropper - grapherz (972525760478863430) submitted ABCE (NA) as True
[2025-08-15 16:26:26.852152] dropper - grapherz (972525760478863430) submitted ABCJ (NA) as True
[2025-08-15 16:26:41.494814] dropper - grapherz (972525760478863430) submitted AEWE (NA) as True
[2025-08-15 16:28:16.653726] dropper - grapherz (972525760478863430) submitted EBCD (NA) as True
[2025-08-15 16:28:24.511113] dropper - grapherz (972525760478863430) submitted EBCD (NA) as True
[2025-08-15 16:28:28.503800] dropper - grapherz (972525760478863430) submitted EBCD (NA) as True
[2025-08-15 16:28:44.890850] dropper - grapherz (972525760478863430) submitted EBCD (NA) as True
[2025-08-15 16:30:32.204130] dropper - grapherz (972525760478863430) submitted AAAA (NA) as True
[2025-08-15 16:30:58.648267] dropper - grapherz (972525760478863430) submitted MEIW (NA) as True
[2025-08-15 16:31:26.506104] dropper - grapherz (972525760478863430) submitted ABBA (AS) as True
[2025-08-15 16:33:23.145171] dropper - grapherz (972525760478863430) submitted AAAA (NA) as True
[2025-08-15 16:35:09.095341] dropper - grapherz (972525760478863430) submitted ABDE (NA) as True
[2025-08-15 16:36:08.795120] dropper - grapherz (972525760478863430) submitted ABDE (NA) as True
[2025-08-15 16:37:22.216205] dropper - grapherz (972525760478863430) submitted ABAB (NA) as True
[2025-08-15 16:41:38.833279] dropper - grapherz (972525760478863430) submitted ILAF (NA) as False
[2025-08-15 17:17:53.842435] dropper - grapherz (972525760478863430) submitted ABBA (AS) as False
[2025-08-15 17:19:54.144209] dropper - grapherz (972525760478863430) submitted ABBA (NA) as True
[2025-08-15 17:20:00.184857] dropper - grapherz (972525760478863430) submitted ABBA (NA) as False
[2025-08-15 17:20:10.465847] dropper - grapherz (972525760478863430) submitted ABBA (AS) as False
[2025-08-15 21:04:53.187840] dropper - grapherz (972525760478863430) submitted ILAF (NA) as False
[2025-08-15 21:09:44.136218] dropper - grapherz (972525760478863430) submitted ODRG (NA) as False
[2025-08-15 21:11:23.385821] dropper - grapherz (972525760478863430) submitted ODRG (NA) as False
[2025-08-15 21:12:08.929265] dropper - grapherz (972525760478863430) submitted ABCD (AS) as False
[2025-08-15 21:12:17.863497] dropper - grapherz (972525760478863430) submitted ABCD (EU) as False
[2025-08-15 20:54:50.935099] dropper - grapherz (972525760478863430) submitted ILAF (NA) as False
[2025-08-15 21:16:27.760852] dropper - grapherz (972525760478863430) submitted ABCD (AS) as False
[2025-08-15 21:16:38.427347] dropper - grapherz (972525760478863430) submitted ABCD (EU) as False
[2025-08-15 21:17:24.531071] dropper - grapherz (972525760478863430) submitted ABCD (AS) as False
[2025-08-15 21:17:32.901823] dropper - grapherz (972525760478863430) submitted ABCD (EU) as False
[2025-08-16 18:56:29.353299] dropper - grapherz (972525760478863430) submitted ILAF (NA) as False
[2025-08-16 18:59:57.948453] dropper - grapherz (972525760478863430) submitted ILAF (NA) as False
[2025-08-16 19:00:12.109939] dropper - grapherz (972525760478863430) submitted ILAF (NA) as False
[2025-08-16 19:04:03.092225] dropper - grapherz (972525760478863430) submitted ILAF (NA) as False
[2025-08-17 10:58:25.905600] dropper - grapherz (972525760478863430) submitted ILAF (NA) as False
[2025-08-17 10:59:57.095067] dropper - grapherz (972525760478863430) submitted MUWG (NA) as False
[2025-08-17 11:00:08.985068] dropper - grapherz (972525760478863430) submitted FQRG (NA) as False
[2025-08-17 12:17:31.948847] dropper - grapherz (972525760478863430) submitted VNAF (NA) as False
[2025-08-17 12:17:36.715467] dropper - grapherz (972525760478863430) submitted BSXG (NA) as False
[2025-08-17 12:17:40.359912] dropper - grapherz (972525760478863430) submitted LZAF (NA) as False
[2025-08-17 12:17:44.367486] dropper - grapherz (972525760478863430) submitted PSRG (NA) as False
[2025-08-17 12:17:49.254683] dropper - grapherz (972525760478863430) submitted XWQG (NA) as True
[2025-08-17 12:18:52.758256] dropper - grapherz (972525760478863430) submitted JAAF (NA) as False
[2025-08-17 12:18:54.866429] dropper - grapherz (972525760478863430) submitted HDAF (NA) as False
[2025-08-17 12:18:57.015650] dropper - grapherz (972525760478863430) submitted RTRG (NA) as False
[2025-08-17 12:18:59.095959] dropper - grapherz (972525760478863430) submitted ECMF (NA) as False
[2025-08-17 12:19:01.349234] dropper - grapherz (972525760478863430) submitted RLRG (NA) as False
[2025-08-17 12:19:03.523736] dropper - grapherz (972525760478863430) submitted DORG (NA) as False
[2025-08-17 12:19:05.831119] dropper - grapherz (972525760478863430) submitted ETAF (NA) as False
[2025-08-17 12:19:08.007435] dropper - grapherz (972525760478863430) submitted YZAF (NA) as False
[2025-08-17 12:19:10.343598] dropper - grapherz (972525760478863430) submitted OXRG (NA) as False
[2025-08-17 12:19:12.546841] dropper - grapherz (972525760478863430) submitted GXXG (NA) as False
[2025-08-17 12:19:15.921364] dropper - grapherz (972525760478863430) submitted QVQG (NA) as False
[2025-08-17 12:19:18.322782] dropper - grapherz (972525760478863430) submitted CXXG (NA) as False
[2025-08-17 12:19:20.820830] dropper - grapherz (972525760478863430) submitted OOMF (NA) as False
[2025-08-17 12:19:23.421030] dropper - grapherz (972525760478863430) submitted BJRG (NA) as False
[2025-08-17 12:19:25.523620] dropper - grapherz (972525760478863430) submitted XMWG (NA) as False
[2025-08-17 12:19:27.795827] dropper - grapherz (972525760478863430) submitted JOXG (NA) as False
[2025-08-17 12:19:33.459204] dropper - grapherz (972525760478863430) submitted MCAF (NA) as False
[2025-08-17 12:19:37.463408] dropper - grapherz (972525760478863430) submitted GGWG (NA) as False
[2025-08-17 12:19:40.437508] dropper - grapherz (972525760478863430) submitted ZGWG (NA) as False
[2025-08-17 12:19:42.504752] dropper - grapherz (972525760478863430) submitted DOXG (NA) as False
[2025-08-17 12:19:44.835388] dropper - grapherz (972525760478863430) submitted ZCQG (NA) as False
[2025-08-17 12:19:47.906558] dropper - grapherz (972525760478863430) submitted GZQG (NA) as False
[2025-08-17 12:19:50.664115] dropper - grapherz (972525760478863430) submitted VIQG (NA) as False
[2025-08-17 12:19:54.222029] dropper - grapherz (972525760478863430) submitted SZAF (NA) as True
[2025-08-17 12:21:14.318470] dropper - grapherz (972525760478863430) submitted OWWG (NA) as True
[2025-08-17 12:21:16.606626] dropper - grapherz (972525760478863430) submitted SFAF (NA) as False
[2025-08-17 12:21:18.924385] dropper - grapherz (972525760478863430) submitted IOQG (NA) as False
[2025-08-17 12:21:21.459164] dropper - grapherz (972525760478863430) submitted YDAF (NA) as False
[2025-08-17 12:21:23.806410] dropper - grapherz (972525760478863430) submitted URQG (NA) as False
[2025-08-17 12:21:26.409051] dropper - grapherz (972525760478863430) submitted HPXG (NA) as False
[2025-08-17 12:21:29.409273] dropper - grapherz (972525760478863430) submitted EMQG (NA) as False
[2025-08-17 12:21:31.642379] dropper - grapherz (972525760478863430) submitted EGXG (NA) as True
[2025-08-17 12:21:33.652031] dropper - grapherz (972525760478863430) submitted EGXG (NA) as True
[2025-08-17 12:21:35.906152] dropper - grapherz (972525760478863430) submitted ZSQG (NA) as False
[2025-08-17 12:21:37.958980] dropper - grapherz (972525760478863430) submitted MUXG (NA) as False
[2025-08-17 12:21:40.125347] dropper - grapherz (972525760478863430) submitted GVMF (NA) as True
[2025-08-17 12:21:43.000019] dropper - grapherz (972525760478863430) submitted BTQG (NA) as True
[2025-08-17 12:21:45.229379] dropper - grapherz (972525760478863430) submitted NGXG (NA) as False
[2025-08-17 12:21:47.662387] dropper - grapherz (972525760478863430) submitted IWWG (NA) as False
[2025-08-17 12:21:50.114081] dropper - grapherz (972525760478863430) submitted RBXG (NA) as False
[2025-08-17 12:21:52.739323] dropper - grapherz (972525760478863430) submitted KIWG (NA) as True
[2025-08-17 12:21:55.192283] dropper - grapherz (972525760478863430) submitted AOMF (NA) as False
[2025-08-17 12:21:57.886765] dropper - grapherz (972525760478863430) submitted TXWG (NA) as False
[2025-08-17 12:22:00.421770] dropper - grapherz (972525760478863430) submitted FTAF (NA) as False
[2025-08-17 12:22:02.841944] dropper - grapherz (972525760478863430) submitted MQRG (NA) as False
[2025-08-17 12:22:05.263248] dropper - grapherz (972525760478863430) submitted KHQG (NA) as False
[2025-08-17 12:22:07.721471] dropper - grapherz (972525760478863430) submitted GNWG (NA) as False
[2025-08-17 12:22:10.082009] dropper - grapherz (972525760478863430) submitted SHRG (NA) as False
[2025-08-17 12:22:12.716833] dropper - grapherz (972525760478863430) submitted NLXG (NA) as False
[2025-08-17 12:22:16.783672] dropper - grapherz (972525760478863430) submitted KFXG (NA) as False
[2025-08-17 12:22:17.114464] dropper - grapherz (972525760478863430) submitted ALXG (NA) as False
[2025-08-17 12:22:20.296532] dropper - grapherz (972525760478863430) submitted FQRG (NA) as False
[2025-08-17 12:22:22.791974] dropper - grapherz (972525760478863430) submitted CLWG (NA) as False
[2025-08-17 12:22:25.376718] dropper - grapherz (972525760478863430) submitted TAXG (NA) as False
[2025-08-17 12:22:27.734580] dropper - grapherz (972525760478863430) submitted TURG (NA) as True
[2025-08-17 12:22:30.305450] dropper - grapherz (972525760478863430) submitted PRWG (NA) as False
[2025-08-17 12:22:32.784633] dropper - grapherz (972525760478863430) submitted SURG (NA) as False
[2025-08-17 12:22:35.391359] dropper - grapherz (972525760478863430) submitted OHXG (NA) as False
[2025-08-17 12:22:39.409215] dropper - grapherz (972525760478863430) submitted OVXG (NA) as False
[2025-08-17 12:22:39.997496] dropper - grapherz (972525760478863430) submitted NMMF (NA) as False
[2025-08-17 12:22:42.975796] dropper - grapherz (972525760478863430) submitted ITQG (NA) as False
[2025-08-17 12:22:44.464001] dropper - grapherz (972525760478863430) submitted QCQG (NA) as False
[2025-08-17 12:22:46.905809] dropper - grapherz (972525760478863430) submitted ZRAF (NA) as False
[2025-08-17 12:22:50.268250] dropper - grapherz (972525760478863430) submitted LCAF (NA) as False
[2025-08-17 12:22:51.997764] dropper - grapherz (972525760478863430) submitted PDAF (NA) as True
[2025-08-17 12:22:55.416787] dropper - grapherz (972525760478863430) submitted OEXG (NA) as False
[2025-08-17 12:22:56.945693] dropper - grapherz (972525760478863430) submitted HQXG (NA) as False
[2025-08-17 12:22:59.402977] dropper - grapherz (972525760478863430) submitted KERG (NA) as False
[2025-08-17 12:23:03.032739] dropper - grapherz (972525760478863430) submitted UBQG (NA) as True
[2025-08-17 12:23:04.786448] dropper - grapherz (972525760478863430) submitted NZMF (NA) as False
[2025-08-17 12:23:06.882117] dropper - grapherz (972525760478863430) submitted YUAF (NA) as False
[2025-08-17 12:23:10.473862] dropper - grapherz (972525760478863430) submitted ZHWG (NA) as False
[2025-08-17 12:23:12.068144] dropper - grapherz (972525760478863430) submitted ASWG (NA) as True
[2025-08-17 12:23:14.492809] dropper - grapherz (972525760478863430) submitted UMMF (NA) as False
[2025-08-17 12:23:16.910752] dropper - grapherz (972525760478863430) submitted TWRG (NA) as False
[2025-08-17 12:23:20.506466] dropper - grapherz (972525760478863430) submitted LKXG (NA) as True
[2025-08-17 12:23:22.327082] dropper - grapherz (972525760478863430) submitted YYQG (NA) as True
[2025-08-17 12:23:24.353619] dropper - grapherz (972525760478863430) submitted VQRG (NA) as False
[2025-08-17 12:23:27.288532] dropper - grapherz (972525760478863430) submitted SWXG (NA) as False
[2025-08-17 12:23:29.624148] dropper - grapherz (972525760478863430) submitted DCMF (NA) as True
[2025-08-17 12:23:32.135429] dropper - grapherz (972525760478863430) submitted PWRG (NA) as False
[2025-08-17 12:23:34.505233] dropper - grapherz (972525760478863430) submitted TPWG (NA) as True
[2025-08-17 12:23:38.396246] dropper - grapherz (972525760478863430) submitted HIAF (NA) as False
[2025-08-17 12:23:39.746383] dropper - grapherz (972525760478863430) submitted ZVRG (NA) as False
[2025-08-17 12:23:42.029248] dropper - grapherz (972525760478863430) submitted GQRG (NA) as False
[2025-08-17 12:23:44.474629] dropper - grapherz (972525760478863430) submitted YUWG (NA) as False
[2025-08-17 12:23:47.189209] dropper - grapherz (972525760478863430) submitted NBWG (NA) as False
[2025-08-17 12:23:49.567796] dropper - grapherz (972525760478863430) submitted QLQG (NA) as False
[2025-08-17 12:23:52.232646] dropper - grapherz (972525760478863430) submitted MUAF (NA) as True
[2025-08-17 12:23:56.335955] dropper - grapherz (972525760478863430) submitted AXRG (NA) as False
[2025-08-17 12:23:57.309755] dropper - grapherz (972525760478863430) submitted TDWG (NA) as False
[2025-08-17 12:23:59.589192] dropper - grapherz (972525760478863430) submitted ORQG (NA) as True
[2025-08-17 12:24:02.269089] dropper - grapherz (972525760478863430) submitted NNWG (NA) as False
[2025-08-17 12:24:05.021219] dropper - grapherz (972525760478863430) submitted ZPWG (NA) as True
[2025-08-17 12:24:07.451627] dropper - grapherz (972525760478863430) submitted BIMF (NA) as False
[2025-08-17 12:24:09.744429] dropper - grapherz (972525760478863430) submitted XVQG (NA) as False
[2025-08-17 12:24:12.180825] dropper - grapherz (972525760478863430) submitted YYXG (NA) as True
[2025-08-17 12:24:14.980270] dropper - grapherz (972525760478863430) submitted ABWG (NA) as False
[2025-08-17 12:24:17.209652] dropper - grapherz (972525760478863430) submitted UPXG (NA) as False
[2025-08-17 12:24:19.640711] dropper - grapherz (972525760478863430) submitted WIXG (NA) as True
[2025-08-17 12:24:22.337845] dropper - grapherz (972525760478863430) submitted DQRG (NA) as False
[2025-08-17 12:24:24.868764] dropper - grapherz (972525760478863430) submitted ECWG (NA) as False
[2025-08-17 12:24:27.372383] dropper - grapherz (972525760478863430) submitted LUWG (NA) as True
[2025-08-17 12:24:30.031122] dropper - grapherz (972525760478863430) submitted YAQG (NA) as False
[2025-08-17 12:24:32.325678] dropper - grapherz (972525760478863430) submitted NHXG (NA) as False
[2025-08-17 12:24:34.888422] dropper - grapherz (972525760478863430) submitted DZRG (NA) as False
[2025-08-17 12:24:37.415209] dropper - grapherz (972525760478863430) submitted ZXWG (NA) as False
[2025-08-17 12:24:39.914529] dropper - grapherz (972525760478863430) submitted YQXG (NA) as False
[2025-08-17 12:24:42.626189] dropper - grapherz (972525760478863430) submitted COWG (NA) as True
[2025-08-17 12:24:44.849457] dropper - grapherz (972525760478863430) submitted KMMF (NA) as False
[2025-08-17 12:24:47.386032] dropper - grapherz (972525760478863430) submitted KAAF (NA) as False
[2025-08-17 12:24:50.157708] dropper - grapherz (972525760478863430) submitted COXG (NA) as False
[2025-08-17 12:24:52.616841] dropper - grapherz (972525760478863430) submitted BAXG (NA) as False
[2025-08-17 12:24:55.046303] dropper - grapherz (972525760478863430) submitted CSAF (NA) as False
[2025-08-17 12:24:57.563457] dropper - grapherz (972525760478863430) submitted MWQG (NA) as False
[2025-08-17 12:25:00.033539] dropper - grapherz (972525760478863430) submitted ATWG (NA) as True
[2025-08-17 12:25:02.510736] dropper - grapherz (972525760478863430) submitted IGXG (NA) as True
[2025-08-17 12:25:05.397855] dropper - grapherz (972525760478863430) submitted GOAF (NA) as False
[2025-08-17 12:25:07.982987] dropper - grapherz (972525760478863430) submitted SNAF (NA) as False
[2025-08-17 12:25:10.444745] dropper - grapherz (972525760478863430) submitted QDRG (NA) as False
[2025-08-17 12:25:12.609313] dropper - grapherz (972525760478863430) submitted CFAF (NA) as True
[2025-08-17 12:25:15.220942] dropper - grapherz (972525760478863430) submitted SRAF (NA) as False
[2025-08-17 12:25:17.756260] dropper - grapherz (972525760478863430) submitted HNXG (NA) as True
[2025-08-17 12:25:20.124857] dropper - grapherz (972525760478863430) submitted PTWG (NA) as False
[2025-08-17 12:25:22.626698] dropper - grapherz (972525760478863430) submitted WUXG (NA) as False
[2025-08-17 12:25:25.142824] dropper - grapherz (972525760478863430) submitted LRAF (NA) as False
[2025-08-17 12:25:27.629761] dropper - grapherz (972525760478863430) submitted FBRG (NA) as False
[2025-08-17 12:25:30.622117] dropper - grapherz (972525760478863430) submitted BZQG (NA) as False
[2025-08-17 12:25:33.246769] dropper - grapherz (972525760478863430) submitted DGXG (NA) as False
[2025-08-17 12:25:35.358519] dropper - grapherz (972525760478863430) submitted TQRG (NA) as False
[2025-08-17 12:25:37.867020] dropper - grapherz (972525760478863430) submitted YOXG (NA) as False
[2025-08-17 12:25:40.399561] dropper - grapherz (972525760478863430) submitted EFQG (NA) as False
[2025-08-17 12:25:42.856551] dropper - grapherz (972525760478863430) submitted HFQG (NA) as False
[2025-08-17 12:25:45.272547] dropper - grapherz (972525760478863430) submitted QYAF (NA) as False
[2025-08-17 12:25:47.509175] dropper - grapherz (972525760478863430) submitted QYAF (NA) as False
[2025-08-17 12:25:53.848434] dropper - grapherz (972525760478863430) submitted LDQG (NA) as False
[2025-08-17 12:25:54.296800] dropper - grapherz (972525760478863430) submitted RSXG (NA) as False
[2025-08-17 12:25:55.560043] dropper - grapherz (972525760478863430) submitted GFXG (NA) as False
[2025-08-17 12:25:57.934738] dropper - grapherz (972525760478863430) submitted ONQG (NA) as False
[2025-08-17 12:26:00.561521] dropper - grapherz (972525760478863430) submitted ZMMF (NA) as False
[2025-08-17 12:26:02.757036] dropper - grapherz (972525760478863430) submitted VGWG (NA) as False
[2025-08-17 12:26:05.342002] dropper - grapherz (972525760478863430) submitted VGWG (NA) as False
[2025-08-17 12:26:07.986700] dropper - grapherz (972525760478863430) submitted ZZXG (NA) as False
[2025-08-17 12:26:10.299448] dropper - grapherz (972525760478863430) submitted RQQQ (NA) as False
[2025-08-17 12:26:12.940002] dropper - grapherz (972525760478863430) submitted XNWG (NA) as False
[2025-08-17 12:26:15.080086] dropper - grapherz (972525760478863430) submitted KNWG (NA) as False
[2025-08-17 12:26:17.831838] dropper - grapherz (972525760478863430) submitted TQQQ (NA) as False
[2025-08-17 12:26:20.078159] dropper - grapherz (972525760478863430) submitted TQQQ (NA) as False
[2025-08-17 12:26:22.588823] dropper - grapherz (972525760478863430) submitted YEAF (NA) as False
[2025-08-17 12:26:24.589348] dropper - grapherz (972525760478863430) submitted LFRG (NA) as False
[2025-08-17 12:26:27.512662] dropper - grapherz (972525760478863430) submitted GIXG (NA) as False
[2025-08-17 12:26:30.839526] dropper - grapherz (972525760478863430) submitted PJRW (NA) as False
[2025-08-17 12:26:32.531541] dropper - grapherz (972525760478863430) submitted LAWG (NA) as False
[2025-08-17 12:26:35.394985] dropper - grapherz (972525760478863430) submitted GVXG (NA) as False
[2025-08-17 12:26:37.982768] dropper - grapherz (972525760478863430) submitted DXRG (NA) as False
[2025-08-17 12:26:40.682715] dropper - grapherz (972525760478863430) submitted HBXG (NA) as False
[2025-08-17 12:26:42.311599] dropper - grapherz (972525760478863430) submitted NHWG (NA) as False
[2025-08-17 12:26:45.069614] dropper - grapherz (972525760478863430) submitted QMMF (NA) as False
[2025-08-17 12:26:47.909698] dropper - grapherz (972525760478863430) submitted ELXG (NA) as False
[2025-08-17 12:26:50.425975] dropper - grapherz (972525760478863430) submitted SZWG (NA) as False
[2025-08-17 12:26:52.953564] dropper - grapherz (972525760478863430) submitted WOAF (NA) as False
[2025-08-17 12:26:55.465722] dropper - grapherz (972525760478863430) submitted NLRG (NA) as False
[2025-08-17 12:26:57.947411] dropper - grapherz (972525760478863430) submitted NBXG (NA) as False
[2025-08-17 12:27:00.432293] dropper - grapherz (972525760478863430) submitted XNAF (NA) as False
[2025-08-17 12:27:02.990118] dropper - grapherz (972525760478863430) submitted WYWG (NA) as False
[2025-08-17 12:27:05.570350] dropper - grapherz (972525760478863430) submitted FKXG (NA) as False
[2025-08-17 12:27:08.073434] dropper - grapherz (972525760478863430) submitted PEQG (NA) as False
[2025-08-17 12:27:10.645996] dropper - grapherz (972525760478863430) submitted NKAF (NA) as True
[2025-08-17 12:27:13.182584] dropper - grapherz (972525760478863430) submitted HOWG (NA) as False
[2025-08-17 12:27:15.708777] dropper - grapherz (972525760478863430) submitted KWWG (NA) as True
[2025-08-17 12:27:17.185384] dropper - grapherz (972525760478863430) submitted HNQG (NA) as False
[2025-08-17 12:27:20.504438] dropper - grapherz (972525760478863430) submitted AEQG (NA) as False
[2025-08-17 12:27:23.094743] dropper - grapherz (972525760478863430) submitted GHXG (NA) as False
[2025-08-17 12:27:24.770412] dropper - grapherz (972525760478863430) submitted CIAF (NA) as False
[2025-08-17 12:27:27.861208] dropper - grapherz (972525760478863430) submitted GOXG (NA) as False
[2025-08-17 12:27:30.471862] dropper - grapherz (972525760478863430) submitted TPXG (NA) as False
[2025-08-17 12:27:33.005788] dropper - grapherz (972525760478863430) submitted FERG (NA) as False
[2025-08-17 12:27:35.767526] dropper - grapherz (972525760478863430) submitted CCXG (NA) as False
[2025-08-17 12:27:38.871651] dropper - grapherz (972525760478863430) submitted VIAF (NA) as False
[2025-08-17 12:27:40.426525] dropper - grapherz (972525760478863430) submitted RWXG (NA) as False
[2025-08-17 12:27:43.129942] dropper - grapherz (972525760478863430) submitted IWXG (NA) as False
[2025-08-17 12:27:44.810409] dropper - grapherz (972525760478863430) submitted SRQG (NA) as False
[2025-08-17 12:27:47.118502] dropper - grapherz (972525760478863430) submitted YEWG (NA) as False
[2025-08-17 12:27:50.646308] dropper - grapherz (972525760478863430) submitted SVWG (NA) as True
[2025-08-17 12:27:52.229337] dropper - grapherz (972525760478863430) submitted NQXG (NA) as False
[2025-08-17 12:27:55.777689] dropper - grapherz (972525760478863430) submitted TEXG (NA) as False
[2025-08-17 12:27:57.241137] dropper - grapherz (972525760478863430) submitted ASAF (NA) as False
[2025-08-17 12:27:59.713398] dropper - grapherz (972525760478863430) submitted SQWG (NA) as False
[2025-08-17 12:28:03.789528] dropper - grapherz (972525760478863430) submitted DXAF (NA) as False
[2025-08-17 12:28:05.201446] dropper - grapherz (972525760478863430) submitted SWQG (NA) as False
[2025-08-17 12:28:07.316281] dropper - grapherz (972525760478863430) submitted JGQG (NA) as False
[2025-08-17 12:28:09.796070] dropper - grapherz (972525760478863430) submitted YRAF (NA) as False
[2025-08-17 12:28:12.220582] dropper - grapherz (972525760478863430) submitted TRRG (NA) as False
[2025-08-17 12:28:14.854710] dropper - grapherz (972525760478863430) submitted ZJRG (NA) as False
[2025-08-17 12:28:17.328973] dropper - grapherz (972525760478863430) submitted ODRG (NA) as False
[2025-08-17 12:28:19.791939] dropper - grapherz (972525760478863430) submitted VOXG (NA) as False
[2025-08-17 12:28:22.420526] dropper - grapherz (972525760478863430) submitted FFXG (NA) as False
[2025-08-17 12:28:25.086591] dropper - grapherz (972525760478863430) submitted YBRG (NA) as True
[2025-08-17 12:28:27.566597] dropper - grapherz (972525760478863430) submitted ZUQG (NA) as False
[2025-08-17 12:28:29.918503] dropper - grapherz (972525760478863430) submitted ENWG (NA) as True
[2025-08-17 12:28:32.362480] dropper - grapherz (972525760478863430) submitted TLAF (NA) as False
